{"type":"server-started","port":64500,"host":"127.0.0.1","url_host":"localhost","url":"http://localhost:64500","screen_dir":"/Users/chenyi/ai-project/workflow-agent-demo/.superpowers/brainstorm/18383-1780409812/content","state_dir":"/Users/chenyi/ai-project/workflow-agent-demo/.superpowers/brainstorm/18383-1780409812/state"}
{"type":"screen-added","file":"/Users/chenyi/ai-project/workflow-agent-demo/.superpowers/brainstorm/18383-1780409812/content/pm-overview.html"}
{"source":"user-event","type":"click","text":"A\n      \n        和人类 PM 对接\n        人类 PM 给出模糊需求 → PM Agent 结构化 → 输出 PRD。Agent 是\"需求翻译官\"","choice":"a","id":null,"timestamp":1780409893136}
{"source":"user-event","type":"click","text":"A\n      \n        和人类 PM 对接\n        人类 PM 给出模糊需求 → PM Agent 结构化 → 输出 PRD。Agent 是\"需求翻译官\"","choice":"a","id":null,"timestamp":1780409894140}
{"source":"user-event","type":"click","text":"A\n      \n        和人类 PM 对接\n        人类 PM 给出模糊需求 → PM Agent 结构化 → 输出 PRD。Agent 是\"需求翻译官\"","choice":"a","id":null,"timestamp":1780409900356}
{"source":"user-event","type":"click","text":"A\n      \n        和人类 PM 对接\n        人类 PM 给出模糊需求 → PM Agent 结构化 → 输出 PRD。Agent 是\"需求翻译官\"","choice":"a","id":null,"timestamp":1780409901577}
{"source":"user-event","type":"click","text":"B\n      \n        直接和业务方/用户对接\n        跳过人类 PM，Agent 直接对话业务方，自己就是 PM","choice":"b","id":null,"timestamp":1780409902239}
{"source":"user-event","type":"click","text":"A\n      \n        和人类 PM 对接\n        人类 PM 给出模糊需求 → PM Agent 结构化 → 输出 PRD。Agent 是\"需求翻译官\"","choice":"a","id":null,"timestamp":1780409903073}
{"source":"user-event","type":"click","text":"B\n      \n        直接和业务方/用户对接\n        跳过人类 PM，Agent 直接对话业务方，自己就是 PM","choice":"b","id":null,"timestamp":1780409903940}
{"source":"user-event","type":"click","text":"A\n      \n        和人类 PM 对接\n        人类 PM 给出模糊需求 → PM Agent 结构化 → 输出 PRD。Agent 是\"需求翻译官\"","choice":"a","id":null,"timestamp":1780409904789}
{"source":"user-event","type":"click","text":"A\n      \n        和人类 PM 对接\n        人类 PM 给出模糊需求 → PM Agent 结构化 → 输出 PRD。Agent 是\"需求翻译官\"","choice":"a","id":null,"timestamp":1780409976032}
{"type":"screen-added","file":"/Users/chenyi/ai-project/workflow-agent-demo/.superpowers/brainstorm/18383-1780409812/content/pm-outputs.html"}
{"source":"user-event","type":"click","text":"A\n      \n        最小范围：只做 PRD + Issues\n        人类 PM 给需求 → Agent 产出 PRD 文档 + 拆解为 GitHub Issues。技术设计留给 coder","choice":"minimal","id":null,"timestamp":1780410036138}
{"type":"screen-added","file":"/Users/chenyi/ai-project/workflow-agent-demo/.superpowers/brainstorm/18383-1780409812/content/tech-gap.html"}
{"type":"screen-added","file":"/Users/chenyi/ai-project/workflow-agent-demo/.superpowers/brainstorm/18383-1780409812/content/pm-interaction.html"}
{"source":"user-event","type":"click","text":"C\n      \n        混合模式（先聊后写）\n        第一阶段：开放式对话，Agent 理解需求全貌第二阶段：Agent 输出结构化 PRD 草稿第三阶段：人类确认/修改，Agent 最终定稿\n        \n          优点兼顾灵活和结构化最适合真实场景\n          缺点实现最复杂需要设计对话结束条件","choice":"hybrid","id":null,"timestamp":1780410216980}
{"source":"user-event","type":"click","text":"C\n      \n        混合模式（先聊后写）\n        第一阶段：开放式对话，Agent 理解需求全貌第二阶段：Agent 输出结构化 PRD 草稿第三阶段：人类确认/修改，Agent 最终定稿\n        \n          优点兼顾灵活和结构化最适合真实场景\n          缺点实现最复杂需要设计对话结束条件","choice":"hybrid","id":null,"timestamp":1780410217694}
{"source":"user-event","type":"click","text":"B\n      \n        协作式打磨\n        Agent 先输出一份草稿 PRD，人类 PM 在上面批注/修改，Agent 不断迭代完善。像两个人一起编辑文档\n        \n          优点人类有掌控感适合复杂需求\n          缺点轮次可能很多对 Agent 理解修改意图的能力要求高","choice":"collaborative","id":null,"timestamp":1780410218310}
{"source":"user-event","type":"click","text":"A\n      \n        问答式访谈\n        Agent 拿到初始需求后，按固定模板逐项提问：目标用户？核心流程？边界条件？权限模型？一问一答，填完模板即出 PRD\n        \n          优点结构化，不漏项实现简单\n          缺点机械化，体验差对复杂需求不够灵活","choice":"interview","id":null,"timestamp":1780410219397}
{"source":"user-event","type":"click","text":"B\n      \n        协作式打磨\n        Agent 先输出一份草稿 PRD，人类 PM 在上面批注/修改，Agent 不断迭代完善。像两个人一起编辑文档\n        \n          优点人类有掌控感适合复杂需求\n          缺点轮次可能很多对 Agent 理解修改意图的能力要求高","choice":"collaborative","id":null,"timestamp":1780410231221}
{"source":"user-event","type":"click","text":"C\n      \n        混合模式（先聊后写）\n        第一阶段：开放式对话，Agent 理解需求全貌第二阶段：Agent 输出结构化 PRD 草稿第三阶段：人类确认/修改，Agent 最终定稿\n        \n          优点兼顾灵活和结构化最适合真实场景\n          缺点实现最复杂需要设计对话结束条件","choice":"hybrid","id":null,"timestamp":1780410249201}
{"type":"screen-added","file":"/Users/chenyi/ai-project/workflow-agent-demo/.superpowers/brainstorm/18383-1780409812/content/prd-template.html"}
{"type":"screen-added","file":"/Users/chenyi/ai-project/workflow-agent-demo/.superpowers/brainstorm/18383-1780409812/content/issue-breakdown.html"}
{"source":"user-event","type":"click","text":"A\n      \n        按功能点拆分\n        一个用户故事 = 一个 Issue例：\"用户手机号+验证码登录\"是一个 Issue\n        粒度：中等，适合大多数场景","choice":"feature","id":null,"timestamp":1780410320360}
{"source":"user-event","type":"click","text":"A\n      \n        按功能点拆分\n        一个用户故事 = 一个 Issue例：\"用户手机号+验证码登录\"是一个 Issue\n        粒度：中等，适合大多数场景","choice":"feature","id":null,"timestamp":1780410320971}
{"source":"user-event","type":"click","text":"B\n      \n        按接口拆分\n        一个 API 端点 = 一个 Issue例：\"POST /api/login/send-code\" 单独成 Issue\n        粒度：细，适合 API 密集的场景","choice":"endpoint","id":null,"timestamp":1780410321684}
{"source":"user-event","type":"click","text":"C\n      \n        按用户故事（Epic → Story）\n        一个大需求 = 一个 Epic，拆成 3-8 个 Story每个 Story 是一个完整的前后端开发单元\n        粒度：灵活，推荐","choice":"story","id":null,"timestamp":1780410329726}
{"source":"user-event","type":"click","text":"B\n      \n        按接口拆分\n        一个 API 端点 = 一个 Issue例：\"POST /api/login/send-code\" 单独成 Issue\n        粒度：细，适合 API 密集的场景","choice":"endpoint","id":null,"timestamp":1780410331242}
{"source":"user-event","type":"click","text":"A\n      \n        按功能点拆分\n        一个用户故事 = 一个 Issue例：\"用户手机号+验证码登录\"是一个 Issue\n        粒度：中等，适合大多数场景","choice":"feature","id":null,"timestamp":1780410332059}
{"source":"user-event","type":"click","text":"1\n      引用 PRD 对应章节链接到 PRD 中的用户故事和验收标准","choice":"prd-link","id":null,"timestamp":1780410360221}
{"source":"user-event","type":"click","text":"2\n      验收标准内联把 Given/When/Then 直接写在 Issue 里，coder 不需要跳转查 PRD","choice":"ac","id":null,"timestamp":1780410360963}
{"source":"user-event","type":"click","text":"2\n      验收标准内联把 Given/When/Then 直接写在 Issue 里，coder 不需要跳转查 PRD","choice":"ac","id":null,"timestamp":1780410361829}
{"source":"user-event","type":"click","text":"3\n      技术提示建议涉及的包、表、接口路径前缀，给 coder 一个起点","choice":"tech-hint","id":null,"timestamp":1780410362363}
{"source":"user-event","type":"click","text":"3\n      技术提示建议涉及的包、表、接口路径前缀，给 coder 一个起点","choice":"tech-hint","id":null,"timestamp":1780410363479}
{"source":"user-event","type":"click","text":"3\n      技术提示建议涉及的包、表、接口路径前缀，给 coder 一个起点","choice":"tech-hint","id":null,"timestamp":1780410364729}
{"source":"user-event","type":"click","text":"3\n      技术提示建议涉及的包、表、接口路径前缀，给 coder 一个起点","choice":"tech-hint","id":null,"timestamp":1780410365566}
{"source":"user-event","type":"click","text":"3\n      技术提示建议涉及的包、表、接口路径前缀，给 coder 一个起点","choice":"tech-hint","id":null,"timestamp":1780410366476}
{"source":"user-event","type":"click","text":"4\n      依赖关系标记 BlockedBy：Issue B 依赖 Issue A 先完成","choice":"dep","id":null,"timestamp":1780410369171}
{"source":"user-event","type":"click","text":"2\n      验收标准内联把 Given/When/Then 直接写在 Issue 里，coder 不需要跳转查 PRD","choice":"ac","id":null,"timestamp":1780410370154}
{"source":"user-event","type":"click","text":"1\n      引用 PRD 对应章节链接到 PRD 中的用户故事和验收标准","choice":"prd-link","id":null,"timestamp":1780410375569}
{"source":"user-event","type":"click","text":"1\n      引用 PRD 对应章节链接到 PRD 中的用户故事和验收标准","choice":"prd-link","id":null,"timestamp":1780410376292}
{"source":"user-event","type":"click","text":"2\n      验收标准内联把 Given/When/Then 直接写在 Issue 里，coder 不需要跳转查 PRD","choice":"ac","id":null,"timestamp":1780410376961}
{"source":"user-event","type":"click","text":"1\n      引用 PRD 对应章节链接到 PRD 中的用户故事和验收标准","choice":"prd-link","id":null,"timestamp":1780410380779}
{"source":"user-event","type":"click","text":"1\n      引用 PRD 对应章节链接到 PRD 中的用户故事和验收标准","choice":"prd-link","id":null,"timestamp":1780410390692}
{"type":"screen-added","file":"/Users/chenyi/ai-project/workflow-agent-demo/.superpowers/brainstorm/18383-1780409812/content/pm-flow.html"}
{"type":"screen-added","file":"/Users/chenyi/ai-project/workflow-agent-demo/.superpowers/brainstorm/18383-1780409812/content/pm-design-summary.html"}
{"type":"screen-added","file":"/Users/chenyi/ai-project/workflow-agent-demo/.superpowers/brainstorm/18383-1780409812/content/evodev-compare.html"}
{"source":"user-event","type":"click","text":"B\n      \n        完整融合：PM Agent 输出 Feature DAG\n        PM Agent 不只出 Issues，而是输出一个完整的 FeatureMap（DAG + 每个节点的 rich context）。Coder Agent 按拓扑序开发，获得前序节点的完整上下文\n        改动量大，但和 EvoDev 完全对齐","choice":"merge-full","id":null,"timestamp":1780410825044}
{"type":"screen-added","file":"/Users/chenyi/ai-project/workflow-agent-demo/.superpowers/brainstorm/18383-1780409812/content/evodev-deep.html"}
{"type":"screen-added","file":"/Users/chenyi/ai-project/workflow-agent-demo/.superpowers/brainstorm/18383-1780409812/content/final-design.html"}
{"source":"user-event","type":"click","text":"✅\n      确认，写设计文档","choice":"approve","id":null,"timestamp":1780411637344}
{"source":"user-event","type":"click","text":"✅\n      确认，写设计文档","choice":"approve","id":null,"timestamp":1780411638069}
{"type":"screen-added","file":"/Users/chenyi/ai-project/workflow-agent-demo/.superpowers/brainstorm/18383-1780409812/content/mermaid-dag.html"}
{"type":"screen-added","file":"/Users/chenyi/ai-project/workflow-agent-demo/.superpowers/brainstorm/18383-1780409812/content/yml-vs-md.html"}
{"type":"screen-added","file":"/Users/chenyi/ai-project/workflow-agent-demo/.superpowers/brainstorm/18383-1780409812/content/waiting.html"}
{"type":"screen-added","file":"/Users/chenyi/ai-project/workflow-agent-demo/.superpowers/brainstorm/18383-1780409812/content/per-feature-file.html"}
{"type":"server-stopped","reason":"idle timeout"}
